
Gurobi 7.0.2 (mac64, Python) logging started Sun Apr  2 21:35:17 2017

Optimize a model with 8 rows, 15 columns and 30 nonzeros
Coefficient statistics:
  Matrix range     [1e+00, 1e+00]
  Objective range  [2e+00, 9e+00]
  Bounds range     [0e+00, 0e+00]
  RHS range        [2e+01, 7e+01]
Presolve time: 0.03s
Presolved: 8 rows, 15 columns, 30 nonzeros

Iteration    Objective       Primal Inf.    Dual Inf.      Time
       0    4.7500000e+02   5.000000e+01   0.000000e+00      0s
       2    5.0700000e+02   0.000000e+00   0.000000e+00      0s

Solved in 2 iterations and 0.06 seconds
Optimal objective  5.070000000e+02
Optimize a model with 8 rows, 15 columns and 30 nonzeros
Coefficient statistics:
  Matrix range     [1e+00, 1e+00]
  Objective range  [2e+00, 9e+00]
  Bounds range     [0e+00, 0e+00]
  RHS range        [2e+01, 7e+01]
Presolve time: 0.01s
Presolved: 8 rows, 15 columns, 30 nonzeros

Iteration    Objective       Primal Inf.    Dual Inf.      Time
       0    4.7500000e+02   5.000000e+01   0.000000e+00      0s
       2    5.0700000e+02   0.000000e+00   0.000000e+00      0s

Solved in 2 iterations and 0.02 seconds
Optimal objective  5.070000000e+02
Optimize a model with 8 rows, 15 columns and 30 nonzeros
Coefficient statistics:
  Matrix range     [1e+00, 1e+00]
  Objective range  [2e+00, 9e+00]
  Bounds range     [0e+00, 0e+00]
  RHS range        [2e+01, 7e+01]
Presolve time: 0.01s
Presolved: 8 rows, 15 columns, 30 nonzeros

Iteration    Objective       Primal Inf.    Dual Inf.      Time
       0    4.7500000e+02   5.000000e+01   0.000000e+00      0s
       2    5.0700000e+02   0.000000e+00   0.000000e+00      0s

Solved in 2 iterations and 0.02 seconds
Optimal objective  5.070000000e+02
Optimize a model with 8 rows, 15 columns and 30 nonzeros
Coefficient statistics:
  Matrix range     [1e+00, 1e+00]
  Objective range  [2e+00, 9e+00]
  Bounds range     [0e+00, 0e+00]
  RHS range        [2e+01, 7e+01]
Presolve time: 0.01s
Presolved: 8 rows, 15 columns, 30 nonzeros

Iteration    Objective       Primal Inf.    Dual Inf.      Time
       0    4.7500000e+02   5.000000e+01   0.000000e+00      0s
       2    5.0700000e+02   0.000000e+00   0.000000e+00      0s

Solved in 2 iterations and 0.03 seconds
Optimal objective  5.070000000e+02
Optimize a model with 8 rows, 15 columns and 30 nonzeros
Coefficient statistics:
  Matrix range     [1e+00, 1e+00]
  Objective range  [2e+00, 9e+00]
  Bounds range     [0e+00, 0e+00]
  RHS range        [2e+01, 7e+01]
Presolve time: 0.01s
Presolved: 8 rows, 15 columns, 30 nonzeros

Iteration    Objective       Primal Inf.    Dual Inf.      Time
       0    4.7500000e+02   5.000000e+01   0.000000e+00      0s
       2    5.0700000e+02   0.000000e+00   0.000000e+00      0s

Solved in 2 iterations and 0.02 seconds
Optimal objective  5.070000000e+02
Optimize a model with 8 rows, 15 columns and 30 nonzeros
Coefficient statistics:
  Matrix range     [1e+00, 1e+00]
  Objective range  [2e+00, 9e+00]
  Bounds range     [0e+00, 0e+00]
  RHS range        [2e+01, 7e+01]
Presolve time: 0.01s
Presolved: 8 rows, 15 columns, 30 nonzeros

Iteration    Objective       Primal Inf.    Dual Inf.      Time
       0    4.7500000e+02   5.000000e+01   0.000000e+00      0s
       2    5.0700000e+02   0.000000e+00   0.000000e+00      0s

Solved in 2 iterations and 0.02 seconds
Optimal objective  5.070000000e+02
Optimize a model with 8 rows, 15 columns and 30 nonzeros
Coefficient statistics:
  Matrix range     [1e+00, 1e+00]
  Objective range  [2e+00, 9e+00]
  Bounds range     [0e+00, 0e+00]
  RHS range        [2e+01, 7e+01]
Presolve time: 0.01s
Presolved: 8 rows, 15 columns, 30 nonzeros

Iteration    Objective       Primal Inf.    Dual Inf.      Time
       0    4.7500000e+02   5.000000e+01   0.000000e+00      0s
       2    5.0700000e+02   0.000000e+00   0.000000e+00      0s

Solved in 2 iterations and 0.02 seconds
Optimal objective  5.070000000e+02
Optimize a model with 8 rows, 15 columns and 30 nonzeros
Coefficient statistics:
  Matrix range     [1e+00, 1e+00]
  Objective range  [2e+00, 9e+00]
  Bounds range     [0e+00, 0e+00]
  RHS range        [2e+01, 7e+01]
Presolve time: 0.01s
Presolved: 8 rows, 15 columns, 30 nonzeros

Iteration    Objective       Primal Inf.    Dual Inf.      Time
       0    4.7500000e+02   5.000000e+01   0.000000e+00      0s
       2    5.0700000e+02   0.000000e+00   0.000000e+00      0s

Solved in 2 iterations and 0.02 seconds
Optimal objective  5.070000000e+02
Optimize a model with 80 rows, 1500 columns and 3000 nonzeros
Coefficient statistics:
  Matrix range     [1e+00, 1e+00]
  Objective range  [1e+00, 9e+00]
  Bounds range     [0e+00, 0e+00]
  RHS range        [2e+01, 8e+01]
Presolve time: 0.01s
Presolved: 80 rows, 1500 columns, 3000 nonzeros

Iteration    Objective       Primal Inf.    Dual Inf.      Time
       0    1.2720000e+03   8.550000e+02   0.000000e+00      0s
      58    1.3060000e+03   0.000000e+00   0.000000e+00      0s

Solved in 58 iterations and 0.04 seconds
Optimal objective  1.306000000e+03

Gurobi 7.0.2 (mac64, Python) logging started Sun Apr  2 21:49:22 2017

Optimize a model with 8 rows, 15 columns and 30 nonzeros
Coefficient statistics:
  Matrix range     [1e+00, 1e+00]
  Objective range  [2e+00, 9e+00]
  Bounds range     [0e+00, 0e+00]
  RHS range        [2e+01, 7e+01]
Presolve time: 0.01s
Presolved: 8 rows, 15 columns, 30 nonzeros

Iteration    Objective       Primal Inf.    Dual Inf.      Time
       0    4.7500000e+02   5.000000e+01   0.000000e+00      0s
       2    5.0700000e+02   0.000000e+00   0.000000e+00      0s

Solved in 2 iterations and 0.03 seconds
Optimal objective  5.070000000e+02
Optimize a model with 8 rows, 15 columns and 30 nonzeros
Coefficient statistics:
  Matrix range     [1e+00, 1e+00]
  Objective range  [2e+00, 9e+00]
  Bounds range     [0e+00, 0e+00]
  RHS range        [2e+01, 7e+01]
Presolve time: 0.01s
Presolved: 8 rows, 15 columns, 30 nonzeros

Iteration    Objective       Primal Inf.    Dual Inf.      Time
       0    4.7500000e+02   5.000000e+01   0.000000e+00      0s
       2    5.0700000e+02   0.000000e+00   0.000000e+00      0s

Solved in 2 iterations and 0.02 seconds
Optimal objective  5.070000000e+02
Optimize a model with 8 rows, 15 columns and 30 nonzeros
Coefficient statistics:
  Matrix range     [1e+00, 1e+00]
  Objective range  [2e+00, 9e+00]
  Bounds range     [0e+00, 0e+00]
  RHS range        [2e+01, 7e+01]
Presolve time: 0.01s
Presolved: 8 rows, 15 columns, 30 nonzeros

Iteration    Objective       Primal Inf.    Dual Inf.      Time
       0    4.7500000e+02   5.000000e+01   0.000000e+00      0s
       2    5.0700000e+02   0.000000e+00   0.000000e+00      0s

Solved in 2 iterations and 0.03 seconds
Optimal objective  5.070000000e+02
Changed value of parameter MIPFocus to 2
   Prev: 0  Min: 0  Max: 3  Default: 0
Changed value of parameter TimeLimit to 10.0
   Prev: 1e+100  Min: 0.0  Max: 1e+100  Default: 1e+100
Parameter MIPFocus unchanged
   Value: 2  Min: 0  Max: 3  Default: 0
Parameter TimeLimit unchanged
   Value: 10.0  Min: 0.0  Max: 1e+100  Default: 1e+100
Parameter MIPFocus unchanged
   Value: 2  Min: 0  Max: 3  Default: 0
Parameter TimeLimit unchanged
   Value: 10.0  Min: 0.0  Max: 1e+100  Default: 1e+100
Optimize a model with 8 rows, 15 columns and 30 nonzeros
Coefficient statistics:
  Matrix range     [1e+00, 1e+00]
  Objective range  [2e+00, 9e+00]
  Bounds range     [0e+00, 0e+00]
  RHS range        [2e+01, 7e+01]
Presolve time: 0.01s
Presolved: 8 rows, 15 columns, 30 nonzeros

Iteration    Objective       Primal Inf.    Dual Inf.      Time
       0    4.7500000e+02   5.000000e+01   0.000000e+00      0s
       2    5.0700000e+02   0.000000e+00   0.000000e+00      0s

Solved in 2 iterations and 0.04 seconds
Optimal objective  5.070000000e+02
Parameter MIPFocus unchanged
   Value: 2  Min: 0  Max: 3  Default: 0
Parameter TimeLimit unchanged
   Value: 10.0  Min: 0.0  Max: 1e+100  Default: 1e+100
Optimize a model with 8 rows, 15 columns and 30 nonzeros
Coefficient statistics:
  Matrix range     [1e+00, 1e+00]
  Objective range  [2e+00, 9e+00]
  Bounds range     [0e+00, 0e+00]
  RHS range        [2e+01, 7e+01]
Presolve time: 0.02s
Presolved: 8 rows, 15 columns, 30 nonzeros

Iteration    Objective       Primal Inf.    Dual Inf.      Time
       0    4.7500000e+02   5.000000e+01   0.000000e+00      0s
       2    5.0700000e+02   0.000000e+00   0.000000e+00      0s

Solved in 2 iterations and 0.05 seconds
Optimal objective  5.070000000e+02
Parameter MIPFocus unchanged
   Value: 2  Min: 0  Max: 3  Default: 0
Parameter TimeLimit unchanged
   Value: 10.0  Min: 0.0  Max: 1e+100  Default: 1e+100
Optimize a model with 8 rows, 15 columns and 30 nonzeros
Coefficient statistics:
  Matrix range     [1e+00, 1e+00]
  Objective range  [2e+00, 9e+00]
  Bounds range     [0e+00, 0e+00]
  RHS range        [2e+01, 7e+01]
Presolve time: 0.01s
Presolved: 8 rows, 15 columns, 30 nonzeros

Iteration    Objective       Primal Inf.    Dual Inf.      Time
       0    4.7500000e+02   5.000000e+01   0.000000e+00      0s
       2    5.0700000e+02   0.000000e+00   0.000000e+00      0s

Solved in 2 iterations and 0.04 seconds
Optimal objective  5.070000000e+02
Parameter MIPFocus unchanged
   Value: 2  Min: 0  Max: 3  Default: 0
Parameter TimeLimit unchanged
   Value: 10.0  Min: 0.0  Max: 1e+100  Default: 1e+100
Optimize a model with 8 rows, 15 columns and 30 nonzeros
Coefficient statistics:
  Matrix range     [1e+00, 1e+00]
  Objective range  [2e+00, 9e+00]
  Bounds range     [0e+00, 0e+00]
  RHS range        [2e+01, 7e+01]
Presolve time: 0.01s
Presolved: 8 rows, 15 columns, 30 nonzeros

Iteration    Objective       Primal Inf.    Dual Inf.      Time
       0    4.7500000e+02   5.000000e+01   0.000000e+00      0s
       2    5.0700000e+02   0.000000e+00   0.000000e+00      0s

Solved in 2 iterations and 0.04 seconds
Optimal objective  5.070000000e+02
Parameter MIPFocus unchanged
   Value: 2  Min: 0  Max: 3  Default: 0
Parameter TimeLimit unchanged
   Value: 10.0  Min: 0.0  Max: 1e+100  Default: 1e+100
Optimize a model with 16 rows, 15 columns and 60 nonzeros
Coefficient statistics:
  Matrix range     [1e+00, 1e+00]
  Objective range  [2e+00, 9e+00]
  Bounds range     [0e+00, 0e+00]
  RHS range        [2e+01, 7e+01]
Presolve removed 9 rows and 0 columns
Presolve time: 0.01s
Presolved: 7 rows, 15 columns, 27 nonzeros

Iteration    Objective       Primal Inf.    Dual Inf.      Time
       0    3.8700000e+02   3.097500e+01   0.000000e+00      0s
       3    5.0700000e+02   0.000000e+00   0.000000e+00      0s

Solved in 3 iterations and 0.03 seconds
Optimal objective  5.070000000e+02
Warning: linear constraint 0 and linear constraint 8 have the same name "Supply[0]"
Parameter MIPFocus unchanged
   Value: 2  Min: 0  Max: 3  Default: 0
Parameter TimeLimit unchanged
   Value: 10.0  Min: 0.0  Max: 1e+100  Default: 1e+100
Optimize a model with 8 rows, 15 columns and 30 nonzeros
Coefficient statistics:
  Matrix range     [1e+00, 1e+00]
  Objective range  [2e+00, 9e+00]
  Bounds range     [0e+00, 0e+00]
  RHS range        [1e+01, 4e+01]
Presolve time: 0.01s
Presolved: 8 rows, 15 columns, 30 nonzeros

Iteration    Objective       Primal Inf.    Dual Inf.      Time
       0    0.0000000e+00   1.020000e+02   0.000000e+00      0s

Solved in 8 iterations and 0.03 seconds
Infeasible model
Parameter MIPFocus unchanged
   Value: 2  Min: 0  Max: 3  Default: 0
Parameter TimeLimit unchanged
   Value: 10.0  Min: 0.0  Max: 1e+100  Default: 1e+100
Optimize a model with 8 rows, 15 columns and 30 nonzeros
Coefficient statistics:
  Matrix range     [1e+00, 1e+00]
  Objective range  [2e+00, 9e+00]
  Bounds range     [0e+00, 0e+00]
  RHS range        [1e+01, 5e+01]
Presolve time: 0.02s
Presolved: 8 rows, 15 columns, 30 nonzeros

Iteration    Objective       Primal Inf.    Dual Inf.      Time
       0    0.0000000e+00   1.370000e+02   0.000000e+00      0s

Solved in 8 iterations and 0.04 seconds
Infeasible model
Parameter MIPFocus unchanged
   Value: 2  Min: 0  Max: 3  Default: 0
Parameter TimeLimit unchanged
   Value: 10.0  Min: 0.0  Max: 1e+100  Default: 1e+100
Optimize a model with 80 rows, 1500 columns and 3000 nonzeros
Coefficient statistics:
  Matrix range     [1e+00, 1e+00]
  Objective range  [1e+00, 9e+00]
  Bounds range     [0e+00, 0e+00]
  RHS range        [1e+01, 6e+01]
Presolve time: 0.02s
Presolved: 80 rows, 1500 columns, 3000 nonzeros

Iteration    Objective       Primal Inf.    Dual Inf.      Time
       0    0.0000000e+00   1.555000e+03   0.000000e+00      0s

Solved in 99 iterations and 0.04 seconds
Infeasible model
Parameter MIPFocus unchanged
   Value: 2  Min: 0  Max: 3  Default: 0
Parameter TimeLimit unchanged
   Value: 10.0  Min: 0.0  Max: 1e+100  Default: 1e+100
Optimize a model with 800 rows, 150000 columns and 300000 nonzeros
Coefficient statistics:
  Matrix range     [1e+00, 1e+00]
  Objective range  [1e+00, 9e+00]
  Bounds range     [0e+00, 0e+00]
  RHS range        [1e+01, 6e+01]

Concurrent LP optimizer: dual simplex and barrier
Showing barrier log only...

Presolve time: 0.26s
Presolved: 800 rows, 150000 columns, 300000 nonzeros

Ordering time: 0.01s

Barrier statistics:
 AA' NZ     : 1.500e+05
 Factor NZ  : 2.430e+05 (roughly 60 MBytes of memory)
 Factor Ops : 9.195e+07 (less than 1 second per iteration)
 Threads    : 1

                  Objective                Residual
Iter       Primal          Dual         Primal    Dual     Compl     Time
   0   1.12745264e+07  0.00000000e+00  4.49e+03 0.00e+00  9.88e+01     1s
   1   4.89049225e+06  1.77715126e+04  2.03e+03 7.11e-15  4.65e+01     1s
   2   4.74876606e+06  6.09598230e+08  1.97e+03 2.97e-11  4.96e+01     1s
   3   4.74638609e+06  1.40642217e+18  1.97e+03 5.77e-02  2.83e+05     1s
   4   3.33411615e+06  9.72062368e+18  1.56e+03 7.39e-01  7.97e+07     1s
   5   7.50074554e+08  0.00000000e+00  3.00e+05 0.00e+00  1.00e+06     1s
   6   7.06217733e+07 -2.71693174e+06  2.83e+04 0.00e+00  5.91e+04     1s
   7   2.02818908e+08  3.53523797e+06  6.09e+04 4.27e-12  5.79e+05     1s
   8*  6.81557796e+06  8.63168111e+08  1.12e+01 1.17e-11  1.02e-01     1s
   9*  6.82861850e+06  8.32976969e+14  1.13e-05 3.76e-11  1.02e-07     1s
  10*  6.82861850e+06  8.33809914e+20  1.13e-11 3.91e-11  1.03e-13     2s

Barrier performed 10 iterations in 1.63 seconds
Infeasible model


Solved with barrier
Solved in 0 iterations and 1.69 seconds
Infeasible model
Parameter MIPFocus unchanged
   Value: 2  Min: 0  Max: 3  Default: 0
Changed value of parameter TimeLimit to 1.0
   Prev: 10.0  Min: 0.0  Max: 1e+100  Default: 1e+100
Optimize a model with 8 rows, 15 columns and 30 nonzeros
Coefficient statistics:
  Matrix range     [1e+00, 1e+00]
  Objective range  [2e+00, 9e+00]
  Bounds range     [0e+00, 0e+00]
  RHS range        [1e+01, 5e+01]
Presolve time: 0.01s
Presolved: 8 rows, 15 columns, 30 nonzeros

Iteration    Objective       Primal Inf.    Dual Inf.      Time
       0    0.0000000e+00   1.370000e+02   0.000000e+00      0s

Solved in 8 iterations and 0.03 seconds
Infeasible model

Gurobi 7.0.2 (mac64, Python) logging started Sun Apr  2 22:42:51 2017

Changed value of parameter MIPFocus to 2
   Prev: 0  Min: 0  Max: 3  Default: 0
Changed value of parameter TimeLimit to 1.0
   Prev: 1e+100  Min: 0.0  Max: 1e+100  Default: 1e+100
Optimize a model with 8 rows, 15 columns and 30 nonzeros
Coefficient statistics:
  Matrix range     [1e+00, 1e+00]
  Objective range  [2e+00, 9e+00]
  Bounds range     [0e+00, 0e+00]
  RHS range        [1e+01, 5e+01]
Presolve time: 0.02s
Presolved: 8 rows, 15 columns, 30 nonzeros

Iteration    Objective       Primal Inf.    Dual Inf.      Time
       0    0.0000000e+00   1.370000e+02   0.000000e+00      0s

Solved in 8 iterations and 0.04 seconds
Infeasible model
Parameter MIPFocus unchanged
   Value: 2  Min: 0  Max: 3  Default: 0
Parameter TimeLimit unchanged
   Value: 1.0  Min: 0.0  Max: 1e+100  Default: 1e+100
Optimize a model with 8 rows, 15 columns and 30 nonzeros
Coefficient statistics:
  Matrix range     [1e+00, 1e+00]
  Objective range  [2e+00, 9e+00]
  Bounds range     [0e+00, 0e+00]
  RHS range        [1e+01, 5e+01]
Presolve time: 0.01s
Presolved: 8 rows, 15 columns, 30 nonzeros

Iteration    Objective       Primal Inf.    Dual Inf.      Time
       0    4.1300000e+02   4.200000e+01   0.000000e+00      0s

Solved in 2 iterations and 0.02 seconds
Infeasible model
Parameter TimeLimit unchanged
   Value: 1.0  Min: 0.0  Max: 1e+100  Default: 1e+100
Optimize a model with 8 rows, 15 columns and 30 nonzeros
Coefficient statistics:
  Matrix range     [1e+00, 1e+00]
  Objective range  [2e+00, 9e+00]
  Bounds range     [0e+00, 0e+00]
  RHS range        [1e+01, 5e+01]
Presolve time: 0.01s
Presolved: 8 rows, 15 columns, 30 nonzeros

Iteration    Objective       Primal Inf.    Dual Inf.      Time
       0    0.0000000e+00   1.370000e+02   0.000000e+00      0s

Solved in 8 iterations and 0.02 seconds
Infeasible model
Parameter TimeLimit unchanged
   Value: 1.0  Min: 0.0  Max: 1e+100  Default: 1e+100
Optimize a model with 8 rows, 15 columns and 30 nonzeros
Coefficient statistics:
  Matrix range     [1e+00, 1e+00]
  Objective range  [2e+00, 9e+00]
  Bounds range     [0e+00, 0e+00]
  RHS range        [1e+01, 3e+01]
Presolve time: 0.01s
Presolved: 8 rows, 15 columns, 30 nonzeros

Iteration    Objective       Primal Inf.    Dual Inf.      Time
       0    0.0000000e+00   7.600000e+01   0.000000e+00      0s

Solved in 8 iterations and 0.03 seconds
Infeasible model
Parameter TimeLimit unchanged
   Value: 1.0  Min: 0.0  Max: 1e+100  Default: 1e+100
Parameter TimeLimit unchanged
   Value: 1.0  Min: 0.0  Max: 1e+100  Default: 1e+100
Optimize a model with 16 rows, 15 columns and 60 nonzeros
Coefficient statistics:
  Matrix range     [1e+00, 1e+00]
  Objective range  [2e+00, 9e+00]
  Bounds range     [0e+00, 0e+00]
  RHS range        [5e+00, 3e+01]
Presolve removed 9 rows and 0 columns
Presolve time: 0.01s
Presolved: 7 rows, 15 columns, 27 nonzeros

Iteration    Objective       Primal Inf.    Dual Inf.      Time
       0    1.9500000e+02   2.500000e+01   0.000000e+00      0s
       4    3.2500000e+02   0.000000e+00   0.000000e+00      0s

Solved in 4 iterations and 0.03 seconds
Optimal objective  3.250000000e+02
Warning: linear constraint 0 and linear constraint 8 have the same name "Supply[0]"
Parameter TimeLimit unchanged
   Value: 1.0  Min: 0.0  Max: 1e+100  Default: 1e+100
Optimize a model with 16 rows, 15 columns and 60 nonzeros
Coefficient statistics:
  Matrix range     [1e+00, 1e+00]
  Objective range  [2e+00, 9e+00]
  Bounds range     [0e+00, 0e+00]
  RHS range        [5e+00, 3e+01]
Presolve removed 9 rows and 0 columns
Presolve time: 0.01s
Presolved: 7 rows, 15 columns, 27 nonzeros

Iteration    Objective       Primal Inf.    Dual Inf.      Time
       0    1.9500000e+02   2.500000e+01   0.000000e+00      0s
       4    3.2500000e+02   0.000000e+00   0.000000e+00      0s

Solved in 4 iterations and 0.03 seconds
Optimal objective  3.250000000e+02
Warning: linear constraint 0 and linear constraint 8 have the same name "Supply[0]"
Parameter TimeLimit unchanged
   Value: 1.0  Min: 0.0  Max: 1e+100  Default: 1e+100
Optimize a model with 8 rows, 15 columns and 30 nonzeros
Coefficient statistics:
  Matrix range     [1e+00, 1e+00]
  Objective range  [2e+00, 9e+00]
  Bounds range     [0e+00, 0e+00]
  RHS range        [5e+00, 3e+01]
Presolve time: 0.01s
Presolved: 8 rows, 15 columns, 30 nonzeros

Iteration    Objective       Primal Inf.    Dual Inf.      Time
       0    2.9500000e+02   3.000000e+01   0.000000e+00      0s
       2    3.2500000e+02   0.000000e+00   0.000000e+00      0s

Solved in 2 iterations and 0.02 seconds
Optimal objective  3.250000000e+02
Parameter TimeLimit unchanged
   Value: 1.0  Min: 0.0  Max: 1e+100  Default: 1e+100
Optimize a model with 8 rows, 15 columns and 30 nonzeros
Coefficient statistics:
  Matrix range     [1e+00, 1e+00]
  Objective range  [2e+00, 9e+00]
  Bounds range     [0e+00, 0e+00]
  RHS range        [5e+00, 3e+01]
Presolve time: 0.01s
Presolved: 8 rows, 15 columns, 30 nonzeros

Iteration    Objective       Primal Inf.    Dual Inf.      Time
       0    2.9500000e+02   3.000000e+01   0.000000e+00      0s
       2    3.2500000e+02   0.000000e+00   0.000000e+00      0s

Solved in 2 iterations and 0.02 seconds
Optimal objective  3.250000000e+02
Parameter TimeLimit unchanged
   Value: 1.0  Min: 0.0  Max: 1e+100  Default: 1e+100
Optimize a model with 8 rows, 15 columns and 30 nonzeros
Coefficient statistics:
  Matrix range     [1e+00, 1e+00]
  Objective range  [2e+00, 9e+00]
  Bounds range     [0e+00, 0e+00]
  RHS range        [1e+01, 3e+01]
Presolve time: 0.01s
Presolved: 8 rows, 15 columns, 30 nonzeros

Iteration    Objective       Primal Inf.    Dual Inf.      Time
       0    2.9500000e+02   2.300000e+01   0.000000e+00      0s

Solved in 2 iterations and 0.03 seconds
Infeasible model
Parameter TimeLimit unchanged
   Value: 1.0  Min: 0.0  Max: 1e+100  Default: 1e+100
Optimize a model with 8 rows, 15 columns and 30 nonzeros
Coefficient statistics:
  Matrix range     [1e+00, 1e+00]
  Objective range  [2e+00, 9e+00]
  Bounds range     [0e+00, 0e+00]
  RHS range        [1e+01, 3e+01]
Presolve time: 0.01s
Presolved: 8 rows, 15 columns, 30 nonzeros

Iteration    Objective       Primal Inf.    Dual Inf.      Time
       0    0.0000000e+00   7.600000e+01   0.000000e+00      0s

Solved in 8 iterations and 0.02 seconds
Infeasible model
Parameter TimeLimit unchanged
   Value: 1.0  Min: 0.0  Max: 1e+100  Default: 1e+100
Optimize a model with 8 rows, 15 columns and 30 nonzeros
Coefficient statistics:
  Matrix range     [1e+00, 1e+00]
  Objective range  [2e+00, 9e+00]
  Bounds range     [0e+00, 0e+00]
  RHS range        [1e+01, 3e+01]
Presolve time: 0.01s
Presolved: 8 rows, 15 columns, 30 nonzeros

Iteration    Objective       Primal Inf.    Dual Inf.      Time
       0    0.0000000e+00   7.100000e+01   0.000000e+00      0s
       8    3.0700000e+02   0.000000e+00   0.000000e+00      0s

Solved in 8 iterations and 0.04 seconds
Optimal objective  3.070000000e+02
Parameter TimeLimit unchanged
   Value: 1.0  Min: 0.0  Max: 1e+100  Default: 1e+100
Optimize a model with 8 rows, 15 columns and 30 nonzeros
Coefficient statistics:
  Matrix range     [1e+00, 1e+00]
  Objective range  [2e+00, 9e+00]
  Bounds range     [0e+00, 0e+00]
  RHS range        [1e+01, 3e+01]
Presolve time: 0.01s
Presolved: 8 rows, 15 columns, 30 nonzeros

Iteration    Objective       Primal Inf.    Dual Inf.      Time
       0    0.0000000e+00   7.100000e+01   0.000000e+00      0s
       8    3.0700000e+02   0.000000e+00   0.000000e+00      0s

Solved in 8 iterations and 0.03 seconds
Optimal objective  3.070000000e+02
Parameter TimeLimit unchanged
   Value: 1.0  Min: 0.0  Max: 1e+100  Default: 1e+100
Optimize a model with 80 rows, 1500 columns and 3000 nonzeros
Coefficient statistics:
  Matrix range     [1e+00, 1e+00]
  Objective range  [1e+00, 9e+00]
  Bounds range     [0e+00, 0e+00]
  RHS range        [1e+01, 3e+01]
Presolve time: 0.01s
Presolved: 80 rows, 1500 columns, 3000 nonzeros

Iteration    Objective       Primal Inf.    Dual Inf.      Time
       0    0.0000000e+00   7.240000e+02   0.000000e+00      0s
     126    7.3800000e+02   0.000000e+00   0.000000e+00      0s

Solved in 126 iterations and 0.02 seconds
Optimal objective  7.380000000e+02
Parameter TimeLimit unchanged
   Value: 1.0  Min: 0.0  Max: 1e+100  Default: 1e+100
Optimize a model with 800 rows, 150000 columns and 300000 nonzeros
Coefficient statistics:
  Matrix range     [1e+00, 1e+00]
  Objective range  [1e+00, 9e+00]
  Bounds range     [0e+00, 0e+00]
  RHS range        [1e+01, 3e+01]

Concurrent LP optimizer: dual simplex and barrier
Showing barrier log only...

Presolve time: 0.27s
Presolved: 800 rows, 150000 columns, 300000 nonzeros

Ordering time: 0.00s

Barrier statistics:
 AA' NZ     : 1.500e+05
 Factor NZ  : 2.430e+05 (roughly 60 MBytes of memory)
 Factor Ops : 9.195e+07 (less than 1 second per iteration)
 Threads    : 1

                  Objective                Residual
Iter       Primal          Dual         Primal    Dual     Compl     Time
   0   1.11508314e+05  0.00000000e+00  4.97e+01 0.00e+00  9.73e-01     1s
   1   2.38714997e+04  5.52626013e+03  0.00e+00 5.75e-01  1.46e-01     1s

Barrier performed 1 iterations in 0.61 seconds
Barrier solve interrupted - model solved by another algorithm


Solved with dual simplex
Solved in 4067 iterations and 0.64 seconds
Optimal objective  7.188000000e+03
Parameter MIPFocus unchanged
   Value: 2  Min: 0  Max: 3  Default: 0
Changed value of parameter TimeLimit to 5.0
   Prev: 1.0  Min: 0.0  Max: 1e+100  Default: 1e+100

Gurobi 7.0.2 (mac64, Python) logging started Sun Apr  2 23:02:44 2017

Changed value of parameter MIPFocus to 2
   Prev: 0  Min: 0  Max: 3  Default: 0
Changed value of parameter TimeLimit to 5.0
   Prev: 1e+100  Min: 0.0  Max: 1e+100  Default: 1e+100
Optimize a model with 8 rows, 15 columns and 30 nonzeros
Coefficient statistics:
  Matrix range     [1e+00, 1e+00]
  Objective range  [2e+00, 9e+00]
  Bounds range     [0e+00, 0e+00]
  RHS range        [1e+01, 3e+01]
Presolve time: 0.02s
Presolved: 8 rows, 15 columns, 30 nonzeros

Iteration    Objective       Primal Inf.    Dual Inf.      Time
       0    0.0000000e+00   7.100000e+01   0.000000e+00      0s
       8    3.0700000e+02   0.000000e+00   0.000000e+00      0s

Solved in 8 iterations and 0.04 seconds
Optimal objective  3.070000000e+02
Parameter MIPFocus unchanged
   Value: 2  Min: 0  Max: 3  Default: 0
Parameter TimeLimit unchanged
   Value: 5.0  Min: 0.0  Max: 1e+100  Default: 1e+100
Optimize a model with 80 rows, 1500 columns and 3000 nonzeros
Coefficient statistics:
  Matrix range     [1e+00, 1e+00]
  Objective range  [1e+00, 9e+00]
  Bounds range     [0e+00, 0e+00]
  RHS range        [1e+01, 3e+01]
Presolve time: 0.02s
Presolved: 80 rows, 1500 columns, 3000 nonzeros

Iteration    Objective       Primal Inf.    Dual Inf.      Time
       0    0.0000000e+00   7.240000e+02   0.000000e+00      0s
     126    7.3800000e+02   0.000000e+00   0.000000e+00      0s

Solved in 126 iterations and 0.05 seconds
Optimal objective  7.380000000e+02
Parameter MIPFocus unchanged
   Value: 2  Min: 0  Max: 3  Default: 0
Parameter TimeLimit unchanged
   Value: 5.0  Min: 0.0  Max: 1e+100  Default: 1e+100
Optimize a model with 800 rows, 150000 columns and 300000 nonzeros
Coefficient statistics:
  Matrix range     [1e+00, 1e+00]
  Objective range  [1e+00, 9e+00]
  Bounds range     [0e+00, 0e+00]
  RHS range        [1e+01, 3e+01]

Concurrent LP optimizer: dual simplex and barrier
Showing barrier log only...

Presolve time: 0.28s
Presolved: 800 rows, 150000 columns, 300000 nonzeros

Ordering time: 0.00s

Barrier statistics:
 AA' NZ     : 1.500e+05
 Factor NZ  : 2.430e+05 (roughly 60 MBytes of memory)
 Factor Ops : 9.195e+07 (less than 1 second per iteration)
 Threads    : 1

                  Objective                Residual
Iter       Primal          Dual         Primal    Dual     Compl     Time
   0   1.11508314e+05  0.00000000e+00  4.97e+01 0.00e+00  9.73e-01     1s
   1   2.38714997e+04  5.52626013e+03  0.00e+00 5.75e-01  1.46e-01     1s

Barrier performed 1 iterations in 0.62 seconds
Barrier solve interrupted - model solved by another algorithm


Solved with dual simplex
Solved in 4067 iterations and 0.65 seconds
Optimal objective  7.188000000e+03
Parameter MIPFocus unchanged
   Value: 2  Min: 0  Max: 3  Default: 0
Parameter TimeLimit unchanged
   Value: 5.0  Min: 0.0  Max: 1e+100  Default: 1e+100
Optimize a model with 3500 rows, 2500000 columns and 5000000 nonzeros
Coefficient statistics:
  Matrix range     [1e+00, 1e+00]
  Objective range  [1e+00, 9e+00]
  Bounds range     [0e+00, 0e+00]
  RHS range        [1e+01, 3e+01]

Concurrent LP optimizer: dual simplex and barrier
Showing barrier log only...

Presolve time: 3.24s
Presolved: 3500 rows, 2500000 columns, 5000000 nonzeros

Ordering time: 0.05s

Barrier statistics:
 AA' NZ     : 2.500e+06
 Factor NZ  : 3.520e+06 (roughly 1.0 GBytes of memory)
 Factor Ops : 4.206e+09 (less than 1 second per iteration)
 Threads    : 1

Barrier performed 0 iterations in 5.77 seconds
Time limit reached


Stopped in 0 iterations and 5.96 seconds
Time limit reached
Changed value of parameter method to 1
   Prev: -1  Min: -1  Max: 4  Default: -1
Changed value of parameter TimeLimit to 1.0
   Prev: 5.0  Min: 0.0  Max: 1e+100  Default: 1e+100
Optimize a model with 8 rows, 15 columns and 30 nonzeros
Coefficient statistics:
  Matrix range     [1e+00, 1e+00]
  Objective range  [2e+00, 9e+00]
  Bounds range     [0e+00, 0e+00]
  RHS range        [1e+01, 3e+01]
Presolve time: 0.01s
Presolved: 8 rows, 15 columns, 30 nonzeros

Iteration    Objective       Primal Inf.    Dual Inf.      Time
       0    0.0000000e+00   7.100000e+01   0.000000e+00      0s
       8    3.0700000e+02   0.000000e+00   0.000000e+00      0s

Solved in 8 iterations and 0.03 seconds
Optimal objective  3.070000000e+02
Changed value of parameter method to 1
   Prev: -1  Min: -1  Max: 4  Default: -1
Changed value of parameter TimeLimit to 1.0
   Prev: 5.0  Min: 0.0  Max: 1e+100  Default: 1e+100
Optimize a model with 80 rows, 1500 columns and 3000 nonzeros
Coefficient statistics:
  Matrix range     [1e+00, 1e+00]
  Objective range  [1e+00, 9e+00]
  Bounds range     [0e+00, 0e+00]
  RHS range        [1e+01, 3e+01]
Presolve time: 0.02s
Presolved: 80 rows, 1500 columns, 3000 nonzeros

Iteration    Objective       Primal Inf.    Dual Inf.      Time
       0    0.0000000e+00   7.240000e+02   0.000000e+00      0s
     126    7.3800000e+02   0.000000e+00   0.000000e+00      0s

Solved in 126 iterations and 0.04 seconds
Optimal objective  7.380000000e+02
Changed value of parameter method to 1
   Prev: -1  Min: -1  Max: 4  Default: -1
Changed value of parameter TimeLimit to 1.0
   Prev: 5.0  Min: 0.0  Max: 1e+100  Default: 1e+100
Optimize a model with 800 rows, 150000 columns and 300000 nonzeros
Coefficient statistics:
  Matrix range     [1e+00, 1e+00]
  Objective range  [1e+00, 9e+00]
  Bounds range     [0e+00, 0e+00]
  RHS range        [1e+01, 3e+01]
Presolve time: 0.15s
Presolved: 800 rows, 150000 columns, 300000 nonzeros

Iteration    Objective       Primal Inf.    Dual Inf.      Time
       0    0.0000000e+00   7.188000e+03   0.000000e+00      0s

Starting sifting (using dual simplex for sub-problems)...

    Iter     Pivots    Primal Obj      Dual Obj        Time
       0          0     infinity      0.0000000e+00      0s
       1        994   4.8280024e+09   4.8280024e+03      0s
       2       2293   7.1896926e+03   7.0056562e+03      0s
       3       3254   7.1896922e+03   7.1895723e+03      0s

Sifting complete

    4067    7.1880000e+03   0.000000e+00   0.000000e+00      0s

Solved in 4067 iterations and 0.45 seconds
Optimal objective  7.188000000e+03
Changed value of parameter method to 1
   Prev: -1  Min: -1  Max: 4  Default: -1
Changed value of parameter TimeLimit to 1.0
   Prev: 5.0  Min: 0.0  Max: 1e+100  Default: 1e+100
Optimize a model with 3500 rows, 2500000 columns and 5000000 nonzeros
Coefficient statistics:
  Matrix range     [1e+00, 1e+00]
  Objective range  [1e+00, 9e+00]
  Bounds range     [0e+00, 0e+00]
  RHS range        [1e+01, 3e+01]
Presolve time: 1.44s

Stopped in 0 iterations and 1.44 seconds
Time limit reached

Gurobi 7.0.2 (mac64, Python) logging started Sun Apr  2 23:22:14 2017

Changed value of parameter method to 1
   Prev: -1  Min: -1  Max: 4  Default: -1
Changed value of parameter TimeLimit to 1.0
   Prev: 1e+100  Min: 0.0  Max: 1e+100  Default: 1e+100
Optimize a model with 8 rows, 15 columns and 30 nonzeros
Coefficient statistics:
  Matrix range     [1e+00, 1e+00]
  Objective range  [2e+00, 9e+00]
  Bounds range     [0e+00, 0e+00]
  RHS range        [1e+01, 3e+01]
Presolve time: 0.01s
Presolved: 8 rows, 15 columns, 30 nonzeros

Iteration    Objective       Primal Inf.    Dual Inf.      Time
       0    0.0000000e+00   7.100000e+01   0.000000e+00      0s
       8    3.0700000e+02   0.000000e+00   0.000000e+00      0s

Solved in 8 iterations and 0.04 seconds
Optimal objective  3.070000000e+02
Changed value of parameter method to 1
   Prev: -1  Min: -1  Max: 4  Default: -1
Changed value of parameter TimeLimit to 1.0
   Prev: 1e+100  Min: 0.0  Max: 1e+100  Default: 1e+100
Optimize a model with 80 rows, 1500 columns and 3000 nonzeros
Coefficient statistics:
  Matrix range     [1e+00, 1e+00]
  Objective range  [1e+00, 9e+00]
  Bounds range     [0e+00, 0e+00]
  RHS range        [1e+01, 3e+01]
Presolve time: 0.02s
Presolved: 80 rows, 1500 columns, 3000 nonzeros

Iteration    Objective       Primal Inf.    Dual Inf.      Time
       0    0.0000000e+00   7.240000e+02   0.000000e+00      0s
     126    7.3800000e+02   0.000000e+00   0.000000e+00      0s

Solved in 126 iterations and 0.04 seconds
Optimal objective  7.380000000e+02
Changed value of parameter method to 1
   Prev: -1  Min: -1  Max: 4  Default: -1
Changed value of parameter TimeLimit to 1.0
   Prev: 1e+100  Min: 0.0  Max: 1e+100  Default: 1e+100
Optimize a model with 800 rows, 150000 columns and 300000 nonzeros
Coefficient statistics:
  Matrix range     [1e+00, 1e+00]
  Objective range  [1e+00, 9e+00]
  Bounds range     [0e+00, 0e+00]
  RHS range        [1e+01, 3e+01]
Presolve time: 0.15s
Presolved: 800 rows, 150000 columns, 300000 nonzeros

Iteration    Objective       Primal Inf.    Dual Inf.      Time
       0    0.0000000e+00   7.188000e+03   0.000000e+00      0s

Starting sifting (using dual simplex for sub-problems)...

    Iter     Pivots    Primal Obj      Dual Obj        Time
       0          0     infinity      0.0000000e+00      0s
       1        994   4.8280024e+09   4.8280024e+03      0s
       2       2293   7.1896926e+03   7.0056562e+03      0s
       3       3254   7.1896922e+03   7.1895723e+03      0s

Sifting complete

    4067    7.1880000e+03   0.000000e+00   0.000000e+00      0s

Solved in 4067 iterations and 0.43 seconds
Optimal objective  7.188000000e+03
Changed value of parameter method to 1
   Prev: -1  Min: -1  Max: 4  Default: -1
Changed value of parameter TimeLimit to 1.0
   Prev: 1e+100  Min: 0.0  Max: 1e+100  Default: 1e+100
Optimize a model with 3500 rows, 2500000 columns and 5000000 nonzeros
Coefficient statistics:
  Matrix range     [1e+00, 1e+00]
  Objective range  [1e+00, 9e+00]
  Bounds range     [0e+00, 0e+00]
  RHS range        [1e+01, 3e+01]
Presolve time: 1.37s

Stopped in 0 iterations and 1.38 seconds
Time limit reached
Changed value of parameter method to 1
   Prev: -1  Min: -1  Max: 4  Default: -1
Changed value of parameter TimeLimit to 1.0
   Prev: 1e+100  Min: 0.0  Max: 1e+100  Default: 1e+100
Optimize a model with 8 rows, 15 columns and 30 nonzeros
Coefficient statistics:
  Matrix range     [1e+00, 1e+00]
  Objective range  [2e+00, 9e+00]
  Bounds range     [0e+00, 0e+00]
  RHS range        [1e+01, 3e+01]
Presolve time: 0.01s
Presolved: 8 rows, 15 columns, 30 nonzeros

Iteration    Objective       Primal Inf.    Dual Inf.      Time
       0    0.0000000e+00   7.100000e+01   0.000000e+00      0s
       8    3.0700000e+02   0.000000e+00   0.000000e+00      0s

Solved in 8 iterations and 0.04 seconds
Optimal objective  3.070000000e+02
Changed value of parameter method to 1
   Prev: -1  Min: -1  Max: 4  Default: -1
Changed value of parameter TimeLimit to 1.0
   Prev: 1e+100  Min: 0.0  Max: 1e+100  Default: 1e+100
Optimize a model with 8 rows, 15 columns and 30 nonzeros
Coefficient statistics:
  Matrix range     [1e+00, 1e+00]
  Objective range  [2e+00, 9e+00]
  Bounds range     [0e+00, 0e+00]
  RHS range        [1e+01, 3e+01]
Presolve time: 0.01s
Presolved: 8 rows, 15 columns, 30 nonzeros

Iteration    Objective       Primal Inf.    Dual Inf.      Time
       0    0.0000000e+00   7.100000e+01   0.000000e+00      0s
       8    3.0700000e+02   0.000000e+00   0.000000e+00      0s

Solved in 8 iterations and 0.02 seconds
Optimal objective  3.070000000e+02
Changed value of parameter method to 1
   Prev: -1  Min: -1  Max: 4  Default: -1
Changed value of parameter TimeLimit to 1.0
   Prev: 1e+100  Min: 0.0  Max: 1e+100  Default: 1e+100
Optimize a model with 8 rows, 15 columns and 30 nonzeros
Coefficient statistics:
  Matrix range     [1e+00, 1e+00]
  Objective range  [2e+00, 9e+00]
  Bounds range     [0e+00, 0e+00]
  RHS range        [1e+01, 3e+01]
Presolve time: 0.01s
Presolved: 8 rows, 15 columns, 30 nonzeros

Iteration    Objective       Primal Inf.    Dual Inf.      Time
       0    0.0000000e+00   7.100000e+01   0.000000e+00      0s
       8    3.0700000e+02   0.000000e+00   0.000000e+00      0s

Solved in 8 iterations and 0.02 seconds
Optimal objective  3.070000000e+02
Changed value of parameter method to 1
   Prev: -1  Min: -1  Max: 4  Default: -1
Changed value of parameter TimeLimit to 1.0
   Prev: 1e+100  Min: 0.0  Max: 1e+100  Default: 1e+100
Optimize a model with 8 rows, 15 columns and 30 nonzeros
Coefficient statistics:
  Matrix range     [1e+00, 1e+00]
  Objective range  [2e+00, 9e+00]
  Bounds range     [0e+00, 0e+00]
  RHS range        [1e+01, 3e+01]
Presolve time: 0.01s
Presolved: 8 rows, 15 columns, 30 nonzeros

Iteration    Objective       Primal Inf.    Dual Inf.      Time
       0    0.0000000e+00   7.100000e+01   0.000000e+00      0s
       8    3.0700000e+02   0.000000e+00   0.000000e+00      0s

Solved in 8 iterations and 0.02 seconds
Optimal objective  3.070000000e+02

Gurobi 7.0.2 (mac64, Python) logging started Sun Apr  2 23:38:33 2017

Changed value of parameter method to 1
   Prev: -1  Min: -1  Max: 4  Default: -1
Changed value of parameter TimeLimit to 1.0
   Prev: 1e+100  Min: 0.0  Max: 1e+100  Default: 1e+100
Optimize a model with 8 rows, 15 columns and 30 nonzeros
Coefficient statistics:
  Matrix range     [1e+00, 1e+00]
  Objective range  [2e+00, 9e+00]
  Bounds range     [0e+00, 0e+00]
  RHS range        [1e+01, 3e+01]
Presolve time: 0.01s
Presolved: 8 rows, 15 columns, 30 nonzeros

Iteration    Objective       Primal Inf.    Dual Inf.      Time
       0    0.0000000e+00   7.100000e+01   0.000000e+00      0s
       8    3.0700000e+02   0.000000e+00   0.000000e+00      0s

Solved in 8 iterations and 0.03 seconds
Optimal objective  3.070000000e+02
Changed value of parameter method to 1
   Prev: -1  Min: -1  Max: 4  Default: -1
Changed value of parameter TimeLimit to 1.0
   Prev: 1e+100  Min: 0.0  Max: 1e+100  Default: 1e+100
Optimize a model with 80 rows, 1500 columns and 3000 nonzeros
Coefficient statistics:
  Matrix range     [1e+00, 1e+00]
  Objective range  [1e+00, 9e+00]
  Bounds range     [0e+00, 0e+00]
  RHS range        [1e+01, 3e+01]
Presolve time: 0.02s
Presolved: 80 rows, 1500 columns, 3000 nonzeros

Iteration    Objective       Primal Inf.    Dual Inf.      Time
       0    0.0000000e+00   7.240000e+02   0.000000e+00      0s
     126    7.3800000e+02   0.000000e+00   0.000000e+00      0s

Solved in 126 iterations and 0.05 seconds
Optimal objective  7.380000000e+02
Changed value of parameter method to 1
   Prev: -1  Min: -1  Max: 4  Default: -1
Changed value of parameter TimeLimit to 1.0
   Prev: 1e+100  Min: 0.0  Max: 1e+100  Default: 1e+100
Optimize a model with 800 rows, 150000 columns and 300000 nonzeros
Coefficient statistics:
  Matrix range     [1e+00, 1e+00]
  Objective range  [1e+00, 9e+00]
  Bounds range     [0e+00, 0e+00]
  RHS range        [1e+01, 3e+01]
Presolve time: 0.29s
Presolved: 800 rows, 150000 columns, 300000 nonzeros

Iteration    Objective       Primal Inf.    Dual Inf.      Time
       0    0.0000000e+00   7.188000e+03   0.000000e+00      0s

Starting sifting (using dual simplex for sub-problems)...

    Iter     Pivots    Primal Obj      Dual Obj        Time
       0          0     infinity      0.0000000e+00      0s
       1        994   4.8280024e+09   4.8280024e+03      0s
       2       2293   7.1896926e+03   7.0056562e+03      0s
       3       3254   7.1896922e+03   7.1895723e+03      1s

Sifting complete

    4067    7.1880000e+03   0.000000e+00   0.000000e+00      1s

Solved in 4067 iterations and 0.55 seconds
Optimal objective  7.188000000e+03
Changed value of parameter method to 1
   Prev: -1  Min: -1  Max: 4  Default: -1
Changed value of parameter TimeLimit to 1.0
   Prev: 1e+100  Min: 0.0  Max: 1e+100  Default: 1e+100
Optimize a model with 8000 rows, 15000000 columns and 30000000 nonzeros
Coefficient statistics:
  Matrix range     [1e+00, 1e+00]
  Objective range  [1e+00, 9e+00]
  Bounds range     [0e+00, 0e+00]
  RHS range        [1e+01, 3e+01]
Presolve time: 4.29s

Stopped in 0 iterations and 4.29 seconds
Time limit reached
Changed value of parameter method to 1
   Prev: -1  Min: -1  Max: 4  Default: -1
Changed value of parameter TimeLimit to 1.0
   Prev: 1e+100  Min: 0.0  Max: 1e+100  Default: 1e+100
Optimize a model with 8 rows, 15 columns and 30 nonzeros
Coefficient statistics:
  Matrix range     [1e+00, 1e+00]
  Objective range  [2e+00, 9e+00]
  Bounds range     [0e+00, 0e+00]
  RHS range        [1e+01, 3e+01]
Presolve time: 0.01s
Presolved: 8 rows, 15 columns, 30 nonzeros

Iteration    Objective       Primal Inf.    Dual Inf.      Time
       0    0.0000000e+00   7.100000e+01   0.000000e+00      0s
       8    3.0700000e+02   0.000000e+00   0.000000e+00      0s

Solved in 8 iterations and 0.02 seconds
Optimal objective  3.070000000e+02
Changed value of parameter method to 1
   Prev: -1  Min: -1  Max: 4  Default: -1
Changed value of parameter TimeLimit to 1.0
   Prev: 1e+100  Min: 0.0  Max: 1e+100  Default: 1e+100
Optimize a model with 8 rows, 15 columns and 30 nonzeros
Coefficient statistics:
  Matrix range     [1e+00, 1e+00]
  Objective range  [2e+00, 9e+00]
  Bounds range     [0e+00, 0e+00]
  RHS range        [1e+01, 3e+01]
Presolve time: 0.03s
Presolved: 8 rows, 15 columns, 30 nonzeros

Iteration    Objective       Primal Inf.    Dual Inf.      Time
       0    0.0000000e+00   7.100000e+01   0.000000e+00      0s
       8    3.0700000e+02   0.000000e+00   0.000000e+00      0s

Solved in 8 iterations and 0.05 seconds
Optimal objective  3.070000000e+02
Changed value of parameter method to 1
   Prev: -1  Min: -1  Max: 4  Default: -1
Changed value of parameter TimeLimit to 1.0
   Prev: 1e+100  Min: 0.0  Max: 1e+100  Default: 1e+100
Optimize a model with 80 rows, 1500 columns and 3000 nonzeros
Coefficient statistics:
  Matrix range     [1e+00, 1e+00]
  Objective range  [1e+00, 9e+00]
  Bounds range     [0e+00, 0e+00]
  RHS range        [1e+01, 3e+01]
Presolve time: 0.01s
Presolved: 80 rows, 1500 columns, 3000 nonzeros

Iteration    Objective       Primal Inf.    Dual Inf.      Time
       0    0.0000000e+00   7.240000e+02   0.000000e+00      0s
     126    7.3800000e+02   0.000000e+00   0.000000e+00      0s

Solved in 126 iterations and 0.04 seconds
Optimal objective  7.380000000e+02
Changed value of parameter method to 1
   Prev: -1  Min: -1  Max: 4  Default: -1
Changed value of parameter TimeLimit to 1.0
   Prev: 1e+100  Min: 0.0  Max: 1e+100  Default: 1e+100
Optimize a model with 800 rows, 150000 columns and 300000 nonzeros
Coefficient statistics:
  Matrix range     [1e+00, 1e+00]
  Objective range  [1e+00, 9e+00]
  Bounds range     [0e+00, 0e+00]
  RHS range        [1e+01, 3e+01]
Presolve time: 0.14s
Presolved: 800 rows, 150000 columns, 300000 nonzeros

Iteration    Objective       Primal Inf.    Dual Inf.      Time
       0    0.0000000e+00   7.188000e+03   0.000000e+00      0s

Starting sifting (using dual simplex for sub-problems)...

    Iter     Pivots    Primal Obj      Dual Obj        Time
       0          0     infinity      0.0000000e+00      0s
       1        994   4.8280024e+09   4.8280024e+03      0s
       2       2293   7.1896926e+03   7.0056562e+03      0s
       3       3254   7.1896922e+03   7.1895723e+03      0s

Sifting complete

    4067    7.1880000e+03   0.000000e+00   0.000000e+00      0s

Solved in 4067 iterations and 0.41 seconds
Optimal objective  7.188000000e+03
Changed value of parameter method to 1
   Prev: -1  Min: -1  Max: 4  Default: -1
Changed value of parameter TimeLimit to 1.0
   Prev: 1e+100  Min: 0.0  Max: 1e+100  Default: 1e+100
Optimize a model with 8000 rows, 15000000 columns and 30000000 nonzeros
Coefficient statistics:
  Matrix range     [1e+00, 1e+00]
  Objective range  [1e+00, 9e+00]
  Bounds range     [0e+00, 0e+00]
  RHS range        [1e+01, 3e+01]
Presolve time: 3.89s

Stopped in 0 iterations and 3.89 seconds
Time limit reached

Gurobi 7.0.2 (mac64, Python) logging started Wed Apr  5 10:58:35 2017

Changed value of parameter method to 1
   Prev: -1  Min: -1  Max: 4  Default: -1
Changed value of parameter TimeLimit to 1.0
   Prev: 1e+100  Min: 0.0  Max: 1e+100  Default: 1e+100
Optimize a model with 4 rows, 4 columns and 8 nonzeros
Coefficient statistics:
  Matrix range     [1e+00, 1e+00]
  Objective range  [3e+00, 9e+00]
  Bounds range     [0e+00, 0e+00]
  RHS range        [2e+01, 2e+01]
Presolve time: 0.02s
Presolved: 4 rows, 4 columns, 8 nonzeros

Iteration    Objective       Primal Inf.    Dual Inf.      Time
       0    0.0000000e+00   3.500000e+01   0.000000e+00      0s
       2    2.1300000e+02   0.000000e+00   0.000000e+00      0s

Solved in 2 iterations and 0.04 seconds
Optimal objective  2.130000000e+02

Gurobi 7.0.2 (mac64, Python) logging started Wed Apr  5 13:12:07 2017


Gurobi 7.0.2 (mac64, Python) logging started Wed Apr  5 16:50:55 2017


Gurobi 7.0.2 (mac64, Python) logging started Thu Apr  6 18:00:50 2017

Parameter OutputFlag unchanged
   Value: 1  Min: 0  Max: 1  Default: 1
Changed value of parameter MIPFocus to 2
   Prev: 0  Min: 0  Max: 3  Default: 0
Parameter method unchanged
   Value: -1  Min: -1  Max: 4  Default: -1

Gurobi 7.0.2 (mac64, Python) logging started Fri Apr  7 01:48:03 2017

Parameter OutputFlag unchanged
   Value: 1  Min: 0  Max: 1  Default: 1
Changed value of parameter MIPFocus to 2
   Prev: 0  Min: 0  Max: 3  Default: 0
Changed value of parameter method to 0
   Prev: -1  Min: -1  Max: 4  Default: -1
Changed value of parameter TimeLimit to 1.0
   Prev: 1e+100  Min: 0.0  Max: 1e+100  Default: 1e+100
Optimize a model with 4 rows, 4 columns and 8 nonzeros
Coefficient statistics:
  Matrix range     [1e+00, 1e+00]
  Objective range  [3e+00, 9e+00]
  Bounds range     [0e+00, 0e+00]
  RHS range        [2e+01, 2e+01]
Presolve time: 0.01s
Presolved: 4 rows, 4 columns, 8 nonzeros

Iteration    Objective       Primal Inf.    Dual Inf.      Time
       0    0.0000000e+00   3.500000e+01   3.999972e+06      0s
       3    2.1300000e+02   0.000000e+00   0.000000e+00      0s

Solved in 3 iterations and 0.02 seconds
Optimal objective  2.130000000e+02

Gurobi 7.0.2 (mac64, Python) logging started Fri Apr  7 01:51:27 2017

Parameter OutputFlag unchanged
   Value: 1  Min: 0  Max: 1  Default: 1
Changed value of parameter MIPFocus to 2
   Prev: 0  Min: 0  Max: 3  Default: 0
Changed value of parameter method to 0
   Prev: -1  Min: -1  Max: 4  Default: -1
Changed value of parameter TimeLimit to 1.0
   Prev: 1e+100  Min: 0.0  Max: 1e+100  Default: 1e+100
Optimize a model with 4 rows, 4 columns and 8 nonzeros
Coefficient statistics:
  Matrix range     [1e+00, 1e+00]
  Objective range  [3e+00, 9e+00]
  Bounds range     [0e+00, 0e+00]
  RHS range        [2e+01, 2e+01]
Presolve time: 0.02s
Presolved: 4 rows, 4 columns, 8 nonzeros

Iteration    Objective       Primal Inf.    Dual Inf.      Time
       0    0.0000000e+00   3.500000e+01   3.999972e+06      0s
       3    2.1300000e+02   0.000000e+00   0.000000e+00      0s

Solved in 3 iterations and 0.04 seconds
Optimal objective  2.130000000e+02
Parameter OutputFlag unchanged
   Value: 1  Min: 0  Max: 1  Default: 1
Changed value of parameter MIPFocus to 2
   Prev: 0  Min: 0  Max: 3  Default: 0
Changed value of parameter method to 0
   Prev: -1  Min: -1  Max: 4  Default: -1
Changed value of parameter TimeLimit to 1.0
   Prev: 1e+100  Min: 0.0  Max: 1e+100  Default: 1e+100
Optimize a model with 4 rows, 4 columns and 8 nonzeros
Coefficient statistics:
  Matrix range     [1e+00, 1e+00]
  Objective range  [3e+00, 9e+00]
  Bounds range     [0e+00, 0e+00]
  RHS range        [1e+01, 5e+01]
Presolve time: 0.02s
Presolved: 4 rows, 4 columns, 8 nonzeros

Iteration    Objective       Primal Inf.    Dual Inf.      Time
       0    0.0000000e+00   2.900000e+01   3.999972e+06      0s
       2    1.5500000e+02   0.000000e+00   0.000000e+00      0s

Solved in 2 iterations and 0.04 seconds
Optimal objective  1.550000000e+02
Parameter OutputFlag unchanged
   Value: 1  Min: 0  Max: 1  Default: 1
Changed value of parameter MIPFocus to 2
   Prev: 0  Min: 0  Max: 3  Default: 0
Changed value of parameter method to 0
   Prev: -1  Min: -1  Max: 4  Default: -1
Changed value of parameter TimeLimit to 1.0
   Prev: 1e+100  Min: 0.0  Max: 1e+100  Default: 1e+100
Optimize a model with 4 rows, 4 columns and 8 nonzeros
Coefficient statistics:
  Matrix range     [1e+00, 1e+00]
  Objective range  [3e+00, 9e+00]
  Bounds range     [0e+00, 0e+00]
  RHS range        [1e+01, 5e+01]
Presolve time: 0.02s
Presolved: 4 rows, 4 columns, 8 nonzeros

Iteration    Objective       Primal Inf.    Dual Inf.      Time
       0    0.0000000e+00   2.900000e+01   3.999972e+06      0s
       2    1.5500000e+02   0.000000e+00   0.000000e+00      0s

Solved in 2 iterations and 0.03 seconds
Optimal objective  1.550000000e+02
Parameter OutputFlag unchanged
   Value: 1  Min: 0  Max: 1  Default: 1
Changed value of parameter MIPFocus to 2
   Prev: 0  Min: 0  Max: 3  Default: 0
Changed value of parameter method to 0
   Prev: -1  Min: -1  Max: 4  Default: -1
Changed value of parameter TimeLimit to 1.0
   Prev: 1e+100  Min: 0.0  Max: 1e+100  Default: 1e+100

Gurobi 7.0.2 (mac64, Python) logging started Fri Apr  7 10:38:00 2017

Parameter OutputFlag unchanged
   Value: 1  Min: 0  Max: 1  Default: 1
Changed value of parameter MIPFocus to 2
   Prev: 0  Min: 0  Max: 3  Default: 0
Changed value of parameter method to 0
   Prev: -1  Min: -1  Max: 4  Default: -1
Changed value of parameter TimeLimit to 1.0
   Prev: 1e+100  Min: 0.0  Max: 1e+100  Default: 1e+100
Optimize a model with 4 rows, 4 columns and 8 nonzeros
Coefficient statistics:
  Matrix range     [1e+00, 1e+00]
  Objective range  [3e+00, 9e+00]
  Bounds range     [0e+00, 0e+00]
  RHS range        [2e+01, 2e+01]
Presolve time: 0.02s
Presolved: 4 rows, 4 columns, 8 nonzeros

Iteration    Objective       Primal Inf.    Dual Inf.      Time
       0    0.0000000e+00   3.500000e+01   3.999972e+06      0s
       3    2.1300000e+02   0.000000e+00   0.000000e+00      0s

Solved in 3 iterations and 0.04 seconds
Optimal objective  2.130000000e+02

Gurobi 7.0.2 (mac64, Python) logging started Fri Apr  7 10:51:33 2017

Parameter OutputFlag unchanged
   Value: 1  Min: 0  Max: 1  Default: 1
Changed value of parameter MIPFocus to 2
   Prev: 0  Min: 0  Max: 3  Default: 0
Changed value of parameter method to 0
   Prev: -1  Min: -1  Max: 4  Default: -1
Changed value of parameter TimeLimit to 1.0
   Prev: 1e+100  Min: 0.0  Max: 1e+100  Default: 1e+100
Optimize a model with 4 rows, 4 columns and 8 nonzeros
Coefficient statistics:
  Matrix range     [1e+00, 1e+00]
  Objective range  [3e+00, 9e+00]
  Bounds range     [0e+00, 0e+00]
  RHS range        [1e+01, 4e+01]
Presolve time: 0.02s

Solved in 0 iterations and 0.02 seconds
Infeasible model

Gurobi 7.0.2 (mac64, Python) logging started Fri Apr  7 10:57:34 2017

Parameter OutputFlag unchanged
   Value: 1  Min: 0  Max: 1  Default: 1
Changed value of parameter MIPFocus to 2
   Prev: 0  Min: 0  Max: 3  Default: 0
Changed value of parameter method to 0
   Prev: -1  Min: -1  Max: 4  Default: -1
Changed value of parameter TimeLimit to 1.0
   Prev: 1e+100  Min: 0.0  Max: 1e+100  Default: 1e+100
Optimize a model with 4 rows, 4 columns and 8 nonzeros
Coefficient statistics:
  Matrix range     [1e+00, 1e+00]
  Objective range  [3e+00, 9e+00]
  Bounds range     [0e+00, 0e+00]
  RHS range        [6e+01, 6e+01]
Presolve removed 3 rows and 3 columns
Presolve time: 0.01s

Solved in 0 iterations and 0.02 seconds
Infeasible model
Parameter OutputFlag unchanged
   Value: 1  Min: 0  Max: 1  Default: 1
Changed value of parameter MIPFocus to 2
   Prev: 0  Min: 0  Max: 3  Default: 0
Changed value of parameter method to 0
   Prev: -1  Min: -1  Max: 4  Default: -1
Changed value of parameter TimeLimit to 1.0
   Prev: 1e+100  Min: 0.0  Max: 1e+100  Default: 1e+100
Optimize a model with 4 rows, 4 columns and 8 nonzeros
Coefficient statistics:
  Matrix range     [1e+00, 1e+00]
  Objective range  [3e+00, 9e+00]
  Bounds range     [0e+00, 0e+00]
  RHS range        [6e+01, 6e+01]
Presolve removed 3 rows and 3 columns
Presolve time: 0.02s

Solved in 0 iterations and 0.02 seconds
Infeasible model
Parameter OutputFlag unchanged
   Value: 1  Min: 0  Max: 1  Default: 1
Changed value of parameter MIPFocus to 2
   Prev: 0  Min: 0  Max: 3  Default: 0
Changed value of parameter method to 0
   Prev: -1  Min: -1  Max: 4  Default: -1
Changed value of parameter TimeLimit to 1.0
   Prev: 1e+100  Min: 0.0  Max: 1e+100  Default: 1e+100
Optimize a model with 4 rows, 4 columns and 8 nonzeros
Coefficient statistics:
  Matrix range     [1e+00, 1e+00]
  Objective range  [3e+00, 9e+00]
  Bounds range     [0e+00, 0e+00]
  RHS range        [2e+01, 8e+01]
Presolve time: 0.01s
Presolved: 4 rows, 4 columns, 8 nonzeros

Iteration    Objective       Primal Inf.    Dual Inf.      Time
       0    0.0000000e+00   1.020000e+02   3.999972e+06      0s
       3    8.1600000e+02   0.000000e+00   0.000000e+00      0s

Solved in 3 iterations and 0.01 seconds
Optimal objective  8.160000000e+02
Parameter OutputFlag unchanged
   Value: 1  Min: 0  Max: 1  Default: 1
Changed value of parameter MIPFocus to 2
   Prev: 0  Min: 0  Max: 3  Default: 0
Changed value of parameter method to 0
   Prev: -1  Min: -1  Max: 4  Default: -1
Changed value of parameter TimeLimit to 1.0
   Prev: 1e+100  Min: 0.0  Max: 1e+100  Default: 1e+100
Optimize a model with 4 rows, 4 columns and 8 nonzeros
Coefficient statistics:
  Matrix range     [1e+00, 1e+00]
  Objective range  [3e+00, 9e+00]
  Bounds range     [0e+00, 0e+00]
  RHS range        [2e+01, 8e+01]
Presolve time: 0.01s
Presolved: 4 rows, 4 columns, 8 nonzeros

Iteration    Objective       Primal Inf.    Dual Inf.      Time
       0    0.0000000e+00   1.020000e+02   3.999972e+06      0s
       3    8.1600000e+02   0.000000e+00   0.000000e+00      0s

Solved in 3 iterations and 0.03 seconds
Optimal objective  8.160000000e+02
Parameter OutputFlag unchanged
   Value: 1  Min: 0  Max: 1  Default: 1
Changed value of parameter MIPFocus to 2
   Prev: 0  Min: 0  Max: 3  Default: 0
Changed value of parameter method to 0
   Prev: -1  Min: -1  Max: 4  Default: -1
Changed value of parameter TimeLimit to 1.0
   Prev: 1e+100  Min: 0.0  Max: 1e+100  Default: 1e+100
Optimize a model with 4 rows, 4 columns and 8 nonzeros
Coefficient statistics:
  Matrix range     [1e+00, 1e+00]
  Objective range  [3e+00, 9e+00]
  Bounds range     [0e+00, 0e+00]
  RHS range        [2e+01, 8e+01]
Presolve time: 0.02s
Presolved: 4 rows, 4 columns, 8 nonzeros

Iteration    Objective       Primal Inf.    Dual Inf.      Time
       0    0.0000000e+00   1.020000e+02   3.999972e+06      0s
       3    8.1600000e+02   0.000000e+00   0.000000e+00      0s

Solved in 3 iterations and 0.05 seconds
Optimal objective  8.160000000e+02
Parameter OutputFlag unchanged
   Value: 1  Min: 0  Max: 1  Default: 1
Changed value of parameter MIPFocus to 2
   Prev: 0  Min: 0  Max: 3  Default: 0
Changed value of parameter method to 0
   Prev: -1  Min: -1  Max: 4  Default: -1
Changed value of parameter TimeLimit to 1.0
   Prev: 1e+100  Min: 0.0  Max: 1e+100  Default: 1e+100
Optimize a model with 4 rows, 4 columns and 8 nonzeros
Coefficient statistics:
  Matrix range     [1e+00, 1e+00]
  Objective range  [3e+00, 9e+00]
  Bounds range     [0e+00, 0e+00]
  RHS range        [2e+01, 8e+01]
Presolve time: 0.03s
Presolved: 4 rows, 4 columns, 8 nonzeros

Iteration    Objective       Primal Inf.    Dual Inf.      Time
       0    0.0000000e+00   1.020000e+02   3.999972e+06      0s
       3    8.1600000e+02   0.000000e+00   0.000000e+00      0s

Solved in 3 iterations and 0.05 seconds
Optimal objective  8.160000000e+02
Parameter OutputFlag unchanged
   Value: 1  Min: 0  Max: 1  Default: 1
Changed value of parameter MIPFocus to 2
   Prev: 0  Min: 0  Max: 3  Default: 0
Changed value of parameter method to 0
   Prev: -1  Min: -1  Max: 4  Default: -1
Changed value of parameter TimeLimit to 1.0
   Prev: 1e+100  Min: 0.0  Max: 1e+100  Default: 1e+100
Optimize a model with 4 rows, 4 columns and 8 nonzeros
Coefficient statistics:
  Matrix range     [1e+00, 1e+00]
  Objective range  [3e+00, 9e+00]
  Bounds range     [0e+00, 0e+00]
  RHS range        [2e+01, 8e+01]
Presolve time: 0.03s
Presolved: 4 rows, 4 columns, 8 nonzeros

Iteration    Objective       Primal Inf.    Dual Inf.      Time
       0    0.0000000e+00   1.020000e+02   3.999972e+06      0s
       3    8.1600000e+02   0.000000e+00   0.000000e+00      0s

Solved in 3 iterations and 0.05 seconds
Optimal objective  8.160000000e+02
Parameter OutputFlag unchanged
   Value: 1  Min: 0  Max: 1  Default: 1
Changed value of parameter MIPFocus to 2
   Prev: 0  Min: 0  Max: 3  Default: 0
Changed value of parameter method to 0
   Prev: -1  Min: -1  Max: 4  Default: -1
Changed value of parameter TimeLimit to 1.0
   Prev: 1e+100  Min: 0.0  Max: 1e+100  Default: 1e+100
Optimize a model with 4 rows, 4 columns and 8 nonzeros
Coefficient statistics:
  Matrix range     [1e+00, 1e+00]
  Objective range  [3e+00, 9e+00]
  Bounds range     [0e+00, 0e+00]
  RHS range        [2e+01, 8e+01]
Presolve time: 0.02s
Presolved: 4 rows, 4 columns, 8 nonzeros

Iteration    Objective       Primal Inf.    Dual Inf.      Time
       0    0.0000000e+00   1.020000e+02   3.999972e+06      0s
       3    8.1600000e+02   0.000000e+00   0.000000e+00      0s

Solved in 3 iterations and 0.03 seconds
Optimal objective  8.160000000e+02
Parameter OutputFlag unchanged
   Value: 1  Min: 0  Max: 1  Default: 1
Changed value of parameter MIPFocus to 2
   Prev: 0  Min: 0  Max: 3  Default: 0
Changed value of parameter method to 0
   Prev: -1  Min: -1  Max: 4  Default: -1
Changed value of parameter TimeLimit to 1.0
   Prev: 1e+100  Min: 0.0  Max: 1e+100  Default: 1e+100
Optimize a model with 4 rows, 4 columns and 8 nonzeros
Coefficient statistics:
  Matrix range     [1e+00, 1e+00]
  Objective range  [3e+00, 9e+00]
  Bounds range     [0e+00, 0e+00]
  RHS range        [2e+01, 8e+01]
Presolve time: 0.01s
Presolved: 4 rows, 4 columns, 8 nonzeros

Iteration    Objective       Primal Inf.    Dual Inf.      Time
       0    0.0000000e+00   1.020000e+02   3.999972e+06      0s
       3    8.1600000e+02   0.000000e+00   0.000000e+00      0s

Solved in 3 iterations and 0.04 seconds
Optimal objective  8.160000000e+02
Parameter OutputFlag unchanged
   Value: 1  Min: 0  Max: 1  Default: 1
Changed value of parameter MIPFocus to 2
   Prev: 0  Min: 0  Max: 3  Default: 0
Changed value of parameter method to 0
   Prev: -1  Min: -1  Max: 4  Default: -1
Changed value of parameter TimeLimit to 1.0
   Prev: 1e+100  Min: 0.0  Max: 1e+100  Default: 1e+100
Optimize a model with 4 rows, 4 columns and 8 nonzeros
Coefficient statistics:
  Matrix range     [1e+00, 1e+00]
  Objective range  [3e+00, 9e+00]
  Bounds range     [0e+00, 0e+00]
  RHS range        [2e+01, 1e+02]
Presolve time: 0.02s
Presolved: 4 rows, 4 columns, 8 nonzeros

Iteration    Objective       Primal Inf.    Dual Inf.      Time
       0    0.0000000e+00   6.100000e+01   3.999972e+06      0s
       2    2.5100000e+02   0.000000e+00   0.000000e+00      0s

Solved in 2 iterations and 0.04 seconds
Optimal objective  2.510000000e+02
Parameter OutputFlag unchanged
   Value: 1  Min: 0  Max: 1  Default: 1
Changed value of parameter MIPFocus to 2
   Prev: 0  Min: 0  Max: 3  Default: 0
Changed value of parameter method to 0
   Prev: -1  Min: -1  Max: 4  Default: -1
Changed value of parameter TimeLimit to 1.0
   Prev: 1e+100  Min: 0.0  Max: 1e+100  Default: 1e+100
Optimize a model with 4 rows, 4 columns and 8 nonzeros
Coefficient statistics:
  Matrix range     [1e+00, 1e+00]
  Objective range  [3e+00, 9e+00]
  Bounds range     [0e+00, 0e+00]
  RHS range        [2e+01, 1e+02]
Presolve time: 0.02s
Presolved: 4 rows, 4 columns, 8 nonzeros

Iteration    Objective       Primal Inf.    Dual Inf.      Time
       0    0.0000000e+00   6.100000e+01   3.999972e+06      0s
       2    2.5100000e+02   0.000000e+00   0.000000e+00      0s

Solved in 2 iterations and 0.04 seconds
Optimal objective  2.510000000e+02
Parameter OutputFlag unchanged
   Value: 1  Min: 0  Max: 1  Default: 1
Changed value of parameter MIPFocus to 2
   Prev: 0  Min: 0  Max: 3  Default: 0
Changed value of parameter method to 0
   Prev: -1  Min: -1  Max: 4  Default: -1
Changed value of parameter TimeLimit to 1.0
   Prev: 1e+100  Min: 0.0  Max: 1e+100  Default: 1e+100
Parameter OutputFlag unchanged
   Value: 1  Min: 0  Max: 1  Default: 1
Changed value of parameter MIPFocus to 2
   Prev: 0  Min: 0  Max: 3  Default: 0
Changed value of parameter method to 0
   Prev: -1  Min: -1  Max: 4  Default: -1
Changed value of parameter TimeLimit to 1.0
   Prev: 1e+100  Min: 0.0  Max: 1e+100  Default: 1e+100
Parameter OutputFlag unchanged
   Value: 1  Min: 0  Max: 1  Default: 1
Changed value of parameter MIPFocus to 2
   Prev: 0  Min: 0  Max: 3  Default: 0
Changed value of parameter method to 0
   Prev: -1  Min: -1  Max: 4  Default: -1
Changed value of parameter TimeLimit to 1.0
   Prev: 1e+100  Min: 0.0  Max: 1e+100  Default: 1e+100
Optimize a model with 4 rows, 4 columns and 8 nonzeros
Coefficient statistics:
  Matrix range     [1e+00, 1e+00]
  Objective range  [2e-01, 2e+00]
  Bounds range     [0e+00, 0e+00]
  RHS range        [2e+01, 2e+02]
Presolve time: 0.01s
Presolved: 4 rows, 4 columns, 8 nonzeros

Iteration    Objective       Primal Inf.    Dual Inf.      Time
       0    0.0000000e+00   1.140000e+02   3.999995e+06      0s
       3    5.6569384e+01   0.000000e+00   0.000000e+00      0s

Solved in 3 iterations and 0.02 seconds
Optimal objective  5.656938442e+01
Parameter OutputFlag unchanged
   Value: 1  Min: 0  Max: 1  Default: 1
Changed value of parameter MIPFocus to 2
   Prev: 0  Min: 0  Max: 3  Default: 0
Changed value of parameter method to 0
   Prev: -1  Min: -1  Max: 4  Default: -1
Changed value of parameter TimeLimit to 1.0
   Prev: 1e+100  Min: 0.0  Max: 1e+100  Default: 1e+100
Optimize a model with 4 rows, 4 columns and 8 nonzeros
Coefficient statistics:
  Matrix range     [1e+00, 1e+00]
  Objective range  [2e-01, 2e+00]
  Bounds range     [0e+00, 0e+00]
  RHS range        [2e+01, 2e+02]
Presolve time: 0.01s
Presolved: 4 rows, 4 columns, 8 nonzeros

Iteration    Objective       Primal Inf.    Dual Inf.      Time
       0    0.0000000e+00   1.140000e+02   3.999995e+06      0s
       3    5.6569384e+01   0.000000e+00   0.000000e+00      0s

Solved in 3 iterations and 0.02 seconds
Optimal objective  5.656938442e+01
Parameter OutputFlag unchanged
   Value: 1  Min: 0  Max: 1  Default: 1
Changed value of parameter MIPFocus to 2
   Prev: 0  Min: 0  Max: 3  Default: 0
Changed value of parameter method to 0
   Prev: -1  Min: -1  Max: 4  Default: -1
Changed value of parameter TimeLimit to 1.0
   Prev: 1e+100  Min: 0.0  Max: 1e+100  Default: 1e+100
Optimize a model with 200 rows, 10000 columns and 20000 nonzeros
Coefficient statistics:
  Matrix range     [1e+00, 1e+00]
  Objective range  [4e-05, 3e+00]
  Bounds range     [0e+00, 0e+00]
  RHS range        [1e+01, 2e+02]
Presolve time: 0.02s
Presolved: 200 rows, 10000 columns, 20000 nonzeros

Iteration    Objective       Primal Inf.    Dual Inf.      Time
       0    0.0000000e+00   5.270000e+03   9.999988e+09      0s
    1104    6.2867487e+02   0.000000e+00   0.000000e+00      0s

Solved in 1104 iterations and 0.04 seconds
Optimal objective  6.286748701e+02
Parameter OutputFlag unchanged
   Value: 1  Min: 0  Max: 1  Default: 1
Changed value of parameter MIPFocus to 2
   Prev: 0  Min: 0  Max: 3  Default: 0
Changed value of parameter method to 0
   Prev: -1  Min: -1  Max: 4  Default: -1
Changed value of parameter TimeLimit to 1.0
   Prev: 1e+100  Min: 0.0  Max: 1e+100  Default: 1e+100
Optimize a model with 4 rows, 4 columns and 8 nonzeros
Coefficient statistics:
  Matrix range     [1e+00, 1e+00]
  Objective range  [3e+00, 9e+00]
  Bounds range     [0e+00, 0e+00]
  RHS range        [2e+01, 1e+02]
Presolve time: 0.01s
Presolved: 4 rows, 4 columns, 8 nonzeros

Iteration    Objective       Primal Inf.    Dual Inf.      Time
       0    0.0000000e+00   6.100000e+01   3.999972e+06      0s
       2    2.5100000e+02   0.000000e+00   0.000000e+00      0s

Solved in 2 iterations and 0.03 seconds
Optimal objective  2.510000000e+02
Parameter OutputFlag unchanged
   Value: 1  Min: 0  Max: 1  Default: 1
Changed value of parameter MIPFocus to 2
   Prev: 0  Min: 0  Max: 3  Default: 0
Changed value of parameter method to 0
   Prev: -1  Min: -1  Max: 4  Default: -1
Changed value of parameter TimeLimit to 1.0
   Prev: 1e+100  Min: 0.0  Max: 1e+100  Default: 1e+100
Optimize a model with 200 rows, 10000 columns and 20000 nonzeros
Coefficient statistics:
  Matrix range     [1e+00, 1e+00]
  Objective range  [4e-05, 3e+00]
  Bounds range     [0e+00, 0e+00]
  RHS range        [1e+01, 2e+02]
Presolve time: 0.02s
Presolved: 200 rows, 10000 columns, 20000 nonzeros

Iteration    Objective       Primal Inf.    Dual Inf.      Time
       0    0.0000000e+00   5.270000e+03   9.999988e+09      0s
    1104    6.2867487e+02   0.000000e+00   0.000000e+00      0s

Solved in 1104 iterations and 0.05 seconds
Optimal objective  6.286748701e+02

Gurobi 7.0.2 (mac64, Python) logging started Fri Apr  7 18:56:28 2017

Parameter OutputFlag unchanged
   Value: 1  Min: 0  Max: 1  Default: 1
Changed value of parameter MIPFocus to 2
   Prev: 0  Min: 0  Max: 3  Default: 0
Changed value of parameter method to 0
   Prev: -1  Min: -1  Max: 4  Default: -1
Changed value of parameter TimeLimit to 1.0
   Prev: 1e+100  Min: 0.0  Max: 1e+100  Default: 1e+100
Optimize a model with 4 rows, 4 columns and 8 nonzeros
Coefficient statistics:
  Matrix range     [1e+00, 1e+00]
  Objective range  [3e+00, 9e+00]
  Bounds range     [0e+00, 0e+00]
  RHS range        [2e+01, 1e+02]
Presolve time: 0.02s
Presolved: 4 rows, 4 columns, 8 nonzeros

Iteration    Objective       Primal Inf.    Dual Inf.      Time
       0    0.0000000e+00   6.100000e+01   3.999972e+06      0s
       2    2.5100000e+02   0.000000e+00   0.000000e+00      0s

Solved in 2 iterations and 0.04 seconds
Optimal objective  2.510000000e+02
Parameter OutputFlag unchanged
   Value: 1  Min: 0  Max: 1  Default: 1
Changed value of parameter MIPFocus to 2
   Prev: 0  Min: 0  Max: 3  Default: 0
Changed value of parameter method to 0
   Prev: -1  Min: -1  Max: 4  Default: -1
Changed value of parameter TimeLimit to 1.0
   Prev: 1e+100  Min: 0.0  Max: 1e+100  Default: 1e+100
Optimize a model with 200 rows, 10000 columns and 20000 nonzeros
Coefficient statistics:
  Matrix range     [1e+00, 1e+00]
  Objective range  [4e-05, 3e+00]
  Bounds range     [0e+00, 0e+00]
  RHS range        [1e+01, 2e+02]
Presolve time: 0.03s
Presolved: 200 rows, 10000 columns, 20000 nonzeros

Iteration    Objective       Primal Inf.    Dual Inf.      Time
       0    0.0000000e+00   5.270000e+03   9.999988e+09      0s
    1104    6.2867487e+02   0.000000e+00   0.000000e+00      0s

Solved in 1104 iterations and 0.07 seconds
Optimal objective  6.286748701e+02

Gurobi 7.0.2 (mac64, Python) logging started Sat Apr  8 10:04:38 2017

Parameter OutputFlag unchanged
   Value: 1  Min: 0  Max: 1  Default: 1
Changed value of parameter MIPFocus to 2
   Prev: 0  Min: 0  Max: 3  Default: 0
Changed value of parameter method to 0
   Prev: -1  Min: -1  Max: 4  Default: -1
Changed value of parameter TimeLimit to 1.0
   Prev: 1e+100  Min: 0.0  Max: 1e+100  Default: 1e+100
Optimize a model with 4 rows, 4 columns and 8 nonzeros
Coefficient statistics:
  Matrix range     [1e+00, 1e+00]
  Objective range  [3e+00, 9e+00]
  Bounds range     [0e+00, 0e+00]
  RHS range        [2e+01, 1e+02]
Presolve time: 0.03s
Presolved: 4 rows, 4 columns, 8 nonzeros

Iteration    Objective       Primal Inf.    Dual Inf.      Time
       0    0.0000000e+00   6.100000e+01   3.999972e+06      0s
       2    2.5100000e+02   0.000000e+00   0.000000e+00      0s

Solved in 2 iterations and 0.06 seconds
Optimal objective  2.510000000e+02
Parameter OutputFlag unchanged
   Value: 1  Min: 0  Max: 1  Default: 1
Changed value of parameter MIPFocus to 2
   Prev: 0  Min: 0  Max: 3  Default: 0
Changed value of parameter method to 0
   Prev: -1  Min: -1  Max: 4  Default: -1
Changed value of parameter TimeLimit to 1.0
   Prev: 1e+100  Min: 0.0  Max: 1e+100  Default: 1e+100
Optimize a model with 200 rows, 10000 columns and 20000 nonzeros
Coefficient statistics:
  Matrix range     [1e+00, 1e+00]
  Objective range  [3e-04, 3e+00]
  Bounds range     [0e+00, 0e+00]
  RHS range        [1e+01, 2e+02]
Presolve time: 0.02s
Presolved: 200 rows, 10000 columns, 20000 nonzeros

Iteration    Objective       Primal Inf.    Dual Inf.      Time
       0    0.0000000e+00   5.270000e+03   9.999988e+09      0s
    1155    6.0707901e+02   0.000000e+00   0.000000e+00      0s

Solved in 1155 iterations and 0.05 seconds
Optimal objective  6.070790135e+02

Gurobi 7.0.2 (mac64, Python) logging started Sat Apr  8 11:00:58 2017

Parameter OutputFlag unchanged
   Value: 1  Min: 0  Max: 1  Default: 1
Changed value of parameter MIPFocus to 2
   Prev: 0  Min: 0  Max: 3  Default: 0
Changed value of parameter method to 0
   Prev: -1  Min: -1  Max: 4  Default: -1
Changed value of parameter TimeLimit to 1.0
   Prev: 1e+100  Min: 0.0  Max: 1e+100  Default: 1e+100
Optimize a model with 4 rows, 4 columns and 8 nonzeros
Coefficient statistics:
  Matrix range     [1e+00, 1e+00]
  Objective range  [3e+00, 9e+00]
  Bounds range     [0e+00, 0e+00]
  RHS range        [2e+01, 1e+02]
Presolve time: 0.02s
Presolved: 4 rows, 4 columns, 8 nonzeros

Iteration    Objective       Primal Inf.    Dual Inf.      Time
       0    0.0000000e+00   6.100000e+01   3.999972e+06      0s
       2    2.5100000e+02   0.000000e+00   0.000000e+00      0s

Solved in 2 iterations and 0.03 seconds
Optimal objective  2.510000000e+02
Parameter OutputFlag unchanged
   Value: 1  Min: 0  Max: 1  Default: 1
Changed value of parameter MIPFocus to 2
   Prev: 0  Min: 0  Max: 3  Default: 0
Changed value of parameter method to 0
   Prev: -1  Min: -1  Max: 4  Default: -1
Changed value of parameter TimeLimit to 1.0
   Prev: 1e+100  Min: 0.0  Max: 1e+100  Default: 1e+100
Optimize a model with 4 rows, 4 columns and 8 nonzeros
Coefficient statistics:
  Matrix range     [1e+00, 1e+00]
  Objective range  [3e+00, 9e+00]
  Bounds range     [0e+00, 0e+00]
  RHS range        [2e+01, 1e+02]
Presolve time: 0.03s
Presolved: 4 rows, 4 columns, 8 nonzeros

Iteration    Objective       Primal Inf.    Dual Inf.      Time
       0    0.0000000e+00   6.100000e+01   3.999972e+06      0s
       2    2.5100000e+02   0.000000e+00   0.000000e+00      0s

Solved in 2 iterations and 0.05 seconds
Optimal objective  2.510000000e+02
Parameter OutputFlag unchanged
   Value: 1  Min: 0  Max: 1  Default: 1
Changed value of parameter MIPFocus to 2
   Prev: 0  Min: 0  Max: 3  Default: 0
Changed value of parameter method to 0
   Prev: -1  Min: -1  Max: 4  Default: -1
Changed value of parameter TimeLimit to 1.0
   Prev: 1e+100  Min: 0.0  Max: 1e+100  Default: 1e+100
Optimize a model with 200 rows, 10000 columns and 20000 nonzeros
Coefficient statistics:
  Matrix range     [1e+00, 1e+00]
  Objective range  [3e-04, 3e+00]
  Bounds range     [0e+00, 0e+00]
  RHS range        [1e+01, 2e+02]
Presolve time: 0.02s
Presolved: 200 rows, 10000 columns, 20000 nonzeros

Iteration    Objective       Primal Inf.    Dual Inf.      Time
       0    0.0000000e+00   5.270000e+03   9.999988e+09      0s
    1155    6.0707901e+02   0.000000e+00   0.000000e+00      0s

Solved in 1155 iterations and 0.05 seconds
Optimal objective  6.070790135e+02

Gurobi 7.0.2 (mac64, Python) logging started Sat Apr  8 13:45:50 2017

Parameter OutputFlag unchanged
   Value: 1  Min: 0  Max: 1  Default: 1
Changed value of parameter MIPFocus to 2
   Prev: 0  Min: 0  Max: 3  Default: 0
Changed value of parameter method to 0
   Prev: -1  Min: -1  Max: 4  Default: -1
Parameter OutputFlag unchanged
   Value: 1  Min: 0  Max: 1  Default: 1
Changed value of parameter MIPFocus to 2
   Prev: 0  Min: 0  Max: 3  Default: 0
Changed value of parameter method to 0
   Prev: -1  Min: -1  Max: 4  Default: -1
Optimize a model with 4 rows, 4 columns and 8 nonzeros
Coefficient statistics:
  Matrix range     [1e+00, 1e+00]
  Objective range  [3e+00, 9e+00]
  Bounds range     [0e+00, 0e+00]
  RHS range        [2e+01, 1e+02]
Presolve time: 0.01s
Presolved: 4 rows, 4 columns, 8 nonzeros

Iteration    Objective       Primal Inf.    Dual Inf.      Time
       0    0.0000000e+00   6.100000e+01   3.999972e+06      0s
       2    2.5100000e+02   0.000000e+00   0.000000e+00      0s

Solved in 2 iterations and 0.04 seconds
Optimal objective  2.510000000e+02
Parameter OutputFlag unchanged
   Value: 1  Min: 0  Max: 1  Default: 1
Changed value of parameter MIPFocus to 2
   Prev: 0  Min: 0  Max: 3  Default: 0
Changed value of parameter method to 0
   Prev: -1  Min: -1  Max: 4  Default: -1
Optimize a model with 200 rows, 10000 columns and 20000 nonzeros
Coefficient statistics:
  Matrix range     [1e+00, 1e+00]
  Objective range  [3e-04, 3e+00]
  Bounds range     [0e+00, 0e+00]
  RHS range        [1e+01, 2e+02]
Presolve time: 0.02s
Presolved: 200 rows, 10000 columns, 20000 nonzeros

Iteration    Objective       Primal Inf.    Dual Inf.      Time
       0    0.0000000e+00   5.270000e+03   9.999988e+09      0s
    1155    6.0707901e+02   0.000000e+00   0.000000e+00      0s

Solved in 1155 iterations and 0.03 seconds
Optimal objective  6.070790135e+02

Gurobi 7.0.2 (mac64, Python) logging started Sat Apr  8 14:01:02 2017

Parameter OutputFlag unchanged
   Value: 1  Min: 0  Max: 1  Default: 1
Changed value of parameter MIPFocus to 2
   Prev: 0  Min: 0  Max: 3  Default: 0
Changed value of parameter method to 0
   Prev: -1  Min: -1  Max: 4  Default: -1
Optimize a model with 4 rows, 4 columns and 8 nonzeros
Coefficient statistics:
  Matrix range     [1e+00, 1e+00]
  Objective range  [3e+00, 9e+00]
  Bounds range     [0e+00, 0e+00]
  RHS range        [2e+01, 1e+02]
Presolve time: 0.01s
Presolved: 4 rows, 4 columns, 8 nonzeros

Iteration    Objective       Primal Inf.    Dual Inf.      Time
       0    0.0000000e+00   6.100000e+01   3.999972e+06      0s
       2    2.5100000e+02   0.000000e+00   0.000000e+00      0s

Solved in 2 iterations and 0.03 seconds
Optimal objective  2.510000000e+02
Parameter OutputFlag unchanged
   Value: 1  Min: 0  Max: 1  Default: 1
Changed value of parameter MIPFocus to 2
   Prev: 0  Min: 0  Max: 3  Default: 0
Changed value of parameter method to 0
   Prev: -1  Min: -1  Max: 4  Default: -1
Optimize a model with 200 rows, 10000 columns and 20000 nonzeros
Coefficient statistics:
  Matrix range     [1e+00, 1e+00]
  Objective range  [3e-04, 3e+00]
  Bounds range     [0e+00, 0e+00]
  RHS range        [1e+01, 2e+02]
Presolve time: 0.02s
Presolved: 200 rows, 10000 columns, 20000 nonzeros

Iteration    Objective       Primal Inf.    Dual Inf.      Time
       0    0.0000000e+00   5.270000e+03   9.999988e+09      0s
    1155    6.0707901e+02   0.000000e+00   0.000000e+00      0s

Solved in 1155 iterations and 0.03 seconds
Optimal objective  6.070790135e+02

Gurobi 7.0.2 (mac64, Python) logging started Sat Apr  8 14:19:02 2017

Parameter OutputFlag unchanged
   Value: 1  Min: 0  Max: 1  Default: 1
Changed value of parameter MIPFocus to 2
   Prev: 0  Min: 0  Max: 3  Default: 0
Changed value of parameter method to 0
   Prev: -1  Min: -1  Max: 4  Default: -1
Optimize a model with 4 rows, 4 columns and 8 nonzeros
Coefficient statistics:
  Matrix range     [1e+00, 1e+00]
  Objective range  [3e+00, 9e+00]
  Bounds range     [0e+00, 0e+00]
  RHS range        [2e+01, 1e+02]
Presolve time: 0.02s
Presolved: 4 rows, 4 columns, 8 nonzeros

Iteration    Objective       Primal Inf.    Dual Inf.      Time
       0    0.0000000e+00   6.100000e+01   3.999972e+06      0s
       2    2.5100000e+02   0.000000e+00   0.000000e+00      0s

Solved in 2 iterations and 0.04 seconds
Optimal objective  2.510000000e+02
Parameter OutputFlag unchanged
   Value: 1  Min: 0  Max: 1  Default: 1
Changed value of parameter MIPFocus to 2
   Prev: 0  Min: 0  Max: 3  Default: 0
Changed value of parameter method to 0
   Prev: -1  Min: -1  Max: 4  Default: -1
Optimize a model with 200 rows, 10000 columns and 20000 nonzeros
Coefficient statistics:
  Matrix range     [1e+00, 1e+00]
  Objective range  [3e-04, 3e+00]
  Bounds range     [0e+00, 0e+00]
  RHS range        [1e+01, 2e+02]
Presolve time: 0.02s
Presolved: 200 rows, 10000 columns, 20000 nonzeros

Iteration    Objective       Primal Inf.    Dual Inf.      Time
       0    0.0000000e+00   5.270000e+03   9.999988e+09      0s
    1155    6.0707901e+02   0.000000e+00   0.000000e+00      0s

Solved in 1155 iterations and 0.03 seconds
Optimal objective  6.070790135e+02
